<?xml version="1.0" encoding="UTF-8"?>
<testng-results ignored="0" total="2" passed="2" failed="0" skipped="0">
  <reporter-output>
    <line>
      <![CDATA[gnt]]>
    </line>
    <line>
      <![CDATA[hii]]>
    </line>
  </reporter-output>
  <suite started-at="2023-01-10T13:10:51 IST" name="Suite" finished-at="2023-01-10T13:10:52 IST" duration-ms="46">
    <groups>
    </groups>
    <test started-at="2023-01-10T13:10:51 IST" name="Test" finished-at="2023-01-10T13:10:52 IST" duration-ms="46">
      <class name="jenkins2.Demo2">
        <test-method signature="m2()[pri:0, instance:jenkins2.Demo2@7ea9e1e2]" started-at="2023-01-10T13:10:52 IST" name="m2" finished-at="2023-01-10T13:10:52 IST" duration-ms="7" status="PASS">
          <reporter-output>
            <line>
              <![CDATA[gnt]]>
            </line>
          </reporter-output>
        </test-method> <!-- m2 -->
      </class> <!-- jenkins2.Demo2 -->
      <class name="jenkins2.Demo1">
        <test-method signature="m1()[pri:0, instance:jenkins2.Demo1@fba92d3]" started-at="2023-01-10T13:10:52 IST" name="m1" finished-at="2023-01-10T13:10:52 IST" duration-ms="1" status="PASS">
          <reporter-output>
            <line>
              <![CDATA[hii]]>
            </line>
          </reporter-output>
        </test-method> <!-- m1 -->
      </class> <!-- jenkins2.Demo1 -->
    </test> <!-- Test -->
  </suite> <!-- Suite -->
</testng-results>
